0 info it worked if it ends with ok
1 verbose cli [ 'C:\\Program Files\\nodejs\\\\node.exe',
1 verbose cli   'C:\\Program Files\\nodejs\\node_modules\\npm\\bin\\npm-cli.js',
1 verbose cli   'install',
1 verbose cli   '-g' ]
2 info using npm@2.15.11
3 info using node@v0.12.18
4 verbose install initial load of C:\Program Files\nodejs\package.json
5 verbose readDependencies loading dependencies from C:\Program Files\nodejs\package.json
6 silly cache add args [ '.', null ]
7 verbose cache add spec .
8 silly cache add parsed spec { raw: '.',
8 silly cache add   scope: null,
8 silly cache add   name: null,
8 silly cache add   rawSpec: '.',
8 silly cache add   spec: 'C:\\Users\\user\\Dispatchr_CMS\\frontend\\client',
8 silly cache add   type: 'local' }
9 error addLocal Could not install C:\Users\user\Dispatchr_CMS\frontend\client
10 verbose stack Error: EISDIR, read
10 verbose stack     at Error (native)
11 verbose cwd C:\Users\user\Dispatchr_CMS\frontend\client
12 error Windows_NT 10.0.19045
13 error argv "C:\\Program Files\\nodejs\\\\node.exe" "C:\\Program Files\\nodejs\\node_modules\\npm\\bin\\npm-cli.js" "install" "-g"
14 error node v0.12.18
15 error npm  v2.15.11
16 error code EISDIR
17 error errno -4068
18 error eisdir EISDIR, read
18 error eisdir This is most likely not a problem with npm itself
18 error eisdir and is related to npm not being able to find a package.json in
18 error eisdir a package you are trying to install.
19 verbose exit [ -4068, true ]
